<?xml version="1.0" encoding="UTF-8"?>
<coverage generated="1680675350547" clover="3.2.0">
  <project timestamp="1680675350547" name="All files">
    <metrics statements="25" coveredstatements="20" conditionals="7" coveredconditionals="3" methods="5" coveredmethods="4" elements="37" coveredelements="27" complexity="0" loc="25" ncloc="25" packages="1" files="2" classes="2"/>
    <file name="remove_additem.js" path="C:\Users\Tshepo\Desktop\Projects\Module-2\To-Do-List\src\js\remove_additem.js">
      <metrics statements="21" coveredstatements="16" conditionals="6" coveredconditionals="3" methods="4" coveredmethods="3"/>
      <line num="1" count="1" type="stmt"/>
      <line num="5" count="1" type="stmt"/>
      <line num="8" count="1" type="stmt"/>
      <line num="9" count="1" type="stmt"/>
      <line num="10" count="1" type="stmt"/>
      <line num="11" count="1" type="stmt"/>
      <line num="12" count="1" type="cond" truecount="1" falsecount="1"/>
      <line num="13" count="0" type="stmt"/>
      <line num="15" count="1" type="stmt"/>
      <line num="18" count="1" type="stmt"/>
      <line num="19" count="1" type="stmt"/>
      <line num="20" count="1" type="cond" truecount="1" falsecount="1"/>
      <line num="21" count="1" type="stmt"/>
      <line num="23" count="0" type="stmt"/>
      <line num="25" count="1" type="stmt"/>
      <line num="26" count="0" type="stmt"/>
      <line num="28" count="1" type="cond" truecount="1" falsecount="1"/>
      <line num="29" count="0" type="stmt"/>
      <line num="30" count="0" type="stmt"/>
      <line num="32" count="1" type="stmt"/>
      <line num="35" count="1" type="stmt"/>
    </file>
    <file name="tasks.js" path="C:\Users\Tshepo\Desktop\Projects\Module-2\To-Do-List\src\js\tasks.js">
      <metrics statements="4" coveredstatements="4" conditionals="1" coveredconditionals="0" methods="1" coveredmethods="1"/>
      <line num="3" count="1" type="stmt"/>
      <line num="4" count="1" type="stmt"/>
      <line num="5" count="1" type="stmt"/>
      <line num="8" count="1" type="stmt"/>
    </file>
  </project>
</coverage>
